
chdir(/home/dev/work/share/vim)
fchdir() to previous dir
could not source "$VIM/vimrc"
chdir(/home/dev)
fchdir() to previous dir
sourcing "$HOME/.vimrc"
chdir(/home/dev/work/share/vim/vim73/syntax)
fchdir() to previous dir
line 1: sourcing "/home/dev/work/share/vim/vim73/syntax/nosyntax.vim"
finished sourcing /home/dev/work/share/vim/vim73/syntax/nosyntax.vim
continuing in /home/dev/.vimrc
Searching for "autoload/pathogen.vim" in "/home/dev/.vim,/home/dev/work/share/vim/vimfiles,/home/dev/work/share/vim/vim73,/home/dev/work/share/vim/vimfiles/after,/home/dev/.vim/after"
Searching for "/home/dev/.vim/autoload/pathogen.vim"
chdir(/home/dev/.vim/autoload)
fchdir() to previous dir
line 2: sourcing "/home/dev/.vim/autoload/pathogen.vim"
finished sourcing /home/dev/.vim/autoload/pathogen.vim
continuing in /home/dev/.vimrc
chdir(/home/dev/work/share/vim/vim73/syntax)
fchdir() to previous dir
line 12: sourcing "/home/dev/work/share/vim/vim73/syntax/syntax.vim"
Searching for "syntax/synload.vim" in "/home/dev/.vim,/home/dev/.vim/bundle/minibufexpl.vim,/home/dev/work/share/vim/vimfiles,/home/dev/work/share/vim/vim73,/home/dev/work/share/vim/vimfiles/after,/home/dev/.vim/after"
Searching for "/home/dev/.vim/syntax/synload.vim"
Searching for "/home/dev/.vim/bundle/minibufexpl.vim/syntax/synload.vim"
Searching for "/home/dev/work/share/vim/vimfiles/syntax/synload.vim"
Searching for "/home/dev/work/share/vim/vim73/syntax/synload.vim"
chdir(/home/dev/work/share/vim/vim73/syntax)
fchdir() to previous dir
line 19: sourcing "/home/dev/work/share/vim/vim73/syntax/synload.vim"
Searching for "syntax/syncolor.vim" in "/home/dev/.vim,/home/dev/.vim/bundle/minibufexpl.vim,/home/dev/work/share/vim/vimfiles,/home/dev/work/share/vim/vim73,/home/dev/work/share/vim/vimfiles/after,/home/dev/.vim/after"
Searching for "/home/dev/.vim/syntax/syncolor.vim"
Searching for "/home/dev/.vim/bundle/minibufexpl.vim/syntax/syncolor.vim"
Searching for "/home/dev/work/share/vim/vimfiles/syntax/syncolor.vim"
Searching for "/home/dev/work/share/vim/vim73/syntax/syncolor.vim"
chdir(/home/dev/work/share/vim/vim73/syntax)
fchdir() to previous dir
line 21: sourcing "/home/dev/work/share/vim/vim73/syntax/syncolor.vim"
finished sourcing /home/dev/work/share/vim/vim73/syntax/syncolor.vim
continuing in /home/dev/work/share/vim/vim73/syntax/synload.vim
Searching for "/home/dev/work/share/vim/vimfiles/after/syntax/syncolor.vim"
Searching for "/home/dev/.vim/after/syntax/syncolor.vim"
finished sourcing /home/dev/work/share/vim/vim73/syntax/synload.vim
continuing in /home/dev/work/share/vim/vim73/syntax/syntax.vim
Searching for "filetype.vim" in "/home/dev/.vim,/home/dev/.vim/bundle/minibufexpl.vim,/home/dev/work/share/vim/vimfiles,/home/dev/work/share/vim/vim73,/home/dev/work/share/vim/vimfiles/after,/home/dev/.vim/after"
Searching for "/home/dev/.vim/filetype.vim"
Searching for "/home/dev/.vim/bundle/minibufexpl.vim/filetype.vim"
Searching for "/home/dev/work/share/vim/vimfiles/filetype.vim"
Searching for "/home/dev/work/share/vim/vim73/filetype.vim"
chdir(/home/dev/work/share/vim/vim73)
fchdir() to previous dir
line 25: sourcing "/home/dev/work/share/vim/vim73/filetype.vim"
Searching for "ftdetect/*.vim" in "/home/dev/.vim,/home/dev/.vim/bundle/minibufexpl.vim,/home/dev/work/share/vim/vimfiles,/home/dev/work/share/vim/vim73,/home/dev/work/share/vim/vimfiles/after,/home/dev/.vim/after"
Searching for "/home/dev/.vim/ftdetect/*.vim"
Searching for "/home/dev/.vim/bundle/minibufexpl.vim/ftdetect/*.vim"
Searching for "/home/dev/work/share/vim/vimfiles/ftdetect/*.vim"
Searching for "/home/dev/work/share/vim/vim73/ftdetect/*.vim"
Searching for "/home/dev/work/share/vim/vimfiles/after/ftdetect/*.vim"
Searching for "/home/dev/.vim/after/ftdetect/*.vim"
not found in 'runtimepath': "ftdetect/*.vim"
chdir(/home/dev/work/share/vim/vim73)
fchdir() to previous dir
line 2648: sourcing "/home/dev/work/share/vim/vim73/menu.vim"
Searching for "lang/menu_en_us.utf-8.vim" in "/home/dev/.vim,/home/dev/.vim/bundle/minibufexpl.vim,/home/dev/work/share/vim/vimfiles,/home/dev/work/share/vim/vim73,/home/dev/work/share/vim/vimfiles/after,/home/dev/.vim/after"
Searching for "/home/dev/.vim/lang/menu_en_us.utf-8.vim"
Searching for "/home/dev/.vim/bundle/minibufexpl.vim/lang/menu_en_us.utf-8.vim"
Searching for "/home/dev/work/share/vim/vimfiles/lang/menu_en_us.utf-8.vim"
Searching for "/home/dev/work/share/vim/vim73/lang/menu_en_us.utf-8.vim"
Searching for "/home/dev/work/share/vim/vimfiles/after/lang/menu_en_us.utf-8.vim"
Searching for "/home/dev/.vim/after/lang/menu_en_us.utf-8.vim"
not found in 'runtimepath': "lang/menu_en_us.utf-8.vim"
Searching for "lang/menu_en_us[^a-z]*vim" in "/home/dev/.vim,/home/dev/.vim/bundle/minibufexpl.vim,/home/dev/work/share/vim/vimfiles,/home/dev/work/share/vim/vim73,/home/dev/work/share/vim/vimfiles/after,/home/dev/.vim/after"
Searching for "/home/dev/.vim/lang/menu_en_us[^a-z]*vim"
Searching for "/home/dev/.vim/bundle/minibufexpl.vim/lang/menu_en_us[^a-z]*vim"
Searching for "/home/dev/work/share/vim/vimfiles/lang/menu_en_us[^a-z]*vim"
Searching for "/home/dev/work/share/vim/vim73/lang/menu_en_us[^a-z]*vim"
Searching for "/home/dev/work/share/vim/vimfiles/after/lang/menu_en_us[^a-z]*vim"
Searching for "/home/dev/.vim/after/lang/menu_en_us[^a-z]*vim"
not found in 'runtimepath': "lang/menu_en_us[^a-z]*vim"
Searching for "autoload/paste.vim" in "/home/dev/.vim,/home/dev/.vim/bundle/minibufexpl.vim,/home/dev/work/share/vim/vimfiles,/home/dev/work/share/vim/vim73,/home/dev/work/share/vim/vimfiles/after,/home/dev/.vim/after"
Searching for "/home/dev/.vim/autoload/paste.vim"
Searching for "/home/dev/.vim/bundle/minibufexpl.vim/autoload/paste.vim"
Searching for "/home/dev/work/share/vim/vimfiles/autoload/paste.vim"
Searching for "/home/dev/work/share/vim/vim73/autoload/paste.vim"
chdir(/home/dev/work/share/vim/vim73/autoload)
fchdir() to previous dir
line 156: sourcing "/home/dev/work/share/vim/vim73/autoload/paste.vim"
finished sourcing /home/dev/work/share/vim/vim73/autoload/paste.vim
continuing in /home/dev/work/share/vim/vim73/menu.vim
finished sourcing /home/dev/work/share/vim/vim73/menu.vim
continuing in /home/dev/work/share/vim/vim73/filetype.vim
finished sourcing /home/dev/work/share/vim/vim73/filetype.vim
continuing in /home/dev/work/share/vim/vim73/syntax/syntax.vim
Searching for "/home/dev/work/share/vim/vimfiles/after/filetype.vim"
Searching for "/home/dev/.vim/after/filetype.vim"
finished sourcing /home/dev/work/share/vim/vim73/syntax/syntax.vim
continuing in /home/dev/.vimrc
Searching for "filetype.vim" in "/home/dev/.vim,/home/dev/.vim/bundle/minibufexpl.vim,/home/dev/work/share/vim/vimfiles,/home/dev/work/share/vim/vim73,/home/dev/work/share/vim/vimfiles/after,/home/dev/.vim/after"
Searching for "/home/dev/.vim/filetype.vim"
Searching for "/home/dev/.vim/bundle/minibufexpl.vim/filetype.vim"
Searching for "/home/dev/work/share/vim/vimfiles/filetype.vim"
Searching for "/home/dev/work/share/vim/vim73/filetype.vim"
chdir(/home/dev/work/share/vim/vim73)
fchdir() to previous dir
line 14: sourcing "/home/dev/work/share/vim/vim73/filetype.vim"
finished sourcing /home/dev/work/share/vim/vim73/filetype.vim
continuing in /home/dev/.vimrc
Searching for "/home/dev/work/share/vim/vimfiles/after/filetype.vim"
Searching for "/home/dev/.vim/after/filetype.vim"
Searching for "ftplugin.vim" in "/home/dev/.vim,/home/dev/.vim/bundle/minibufexpl.vim,/home/dev/work/share/vim/vimfiles,/home/dev/work/share/vim/vim73,/home/dev/work/share/vim/vimfiles/after,/home/dev/.vim/after"
Searching for "/home/dev/.vim/ftplugin.vim"
Searching for "/home/dev/.vim/bundle/minibufexpl.vim/ftplugin.vim"
Searching for "/home/dev/work/share/vim/vimfiles/ftplugin.vim"
Searching for "/home/dev/work/share/vim/vim73/ftplugin.vim"
chdir(/home/dev/work/share/vim/vim73)
fchdir() to previous dir
line 14: sourcing "/home/dev/work/share/vim/vim73/ftplugin.vim"
finished sourcing /home/dev/work/share/vim/vim73/ftplugin.vim
continuing in /home/dev/.vimrc
Searching for "/home/dev/work/share/vim/vimfiles/after/ftplugin.vim"
Searching for "/home/dev/.vim/after/ftplugin.vim"
Searching for "filetype.vim" in "/home/dev/.vim,/home/dev/.vim/bundle/minibufexpl.vim,/home/dev/work/share/vim/vimfiles,/home/dev/work/share/vim/vim73,/home/dev/work/share/vim/vimfiles/after,/home/dev/.vim/after"
Searching for "/home/dev/.vim/filetype.vim"
Searching for "/home/dev/.vim/bundle/minibufexpl.vim/filetype.vim"
Searching for "/home/dev/work/share/vim/vimfiles/filetype.vim"
Searching for "/home/dev/work/share/vim/vim73/filetype.vim"
chdir(/home/dev/work/share/vim/vim73)
fchdir() to previous dir
line 15: sourcing "/home/dev/work/share/vim/vim73/filetype.vim"
finished sourcing /home/dev/work/share/vim/vim73/filetype.vim
continuing in /home/dev/.vimrc
Searching for "/home/dev/work/share/vim/vimfiles/after/filetype.vim"
Searching for "/home/dev/.vim/after/filetype.vim"
Searching for "ftplugin.vim" in "/home/dev/.vim,/home/dev/.vim/bundle/minibufexpl.vim,/home/dev/work/share/vim/vimfiles,/home/dev/work/share/vim/vim73,/home/dev/work/share/vim/vimfiles/after,/home/dev/.vim/after"
Searching for "/home/dev/.vim/ftplugin.vim"
Searching for "/home/dev/.vim/bundle/minibufexpl.vim/ftplugin.vim"
Searching for "/home/dev/work/share/vim/vimfiles/ftplugin.vim"
Searching for "/home/dev/work/share/vim/vim73/ftplugin.vim"
chdir(/home/dev/work/share/vim/vim73)
fchdir() to previous dir
line 15: sourcing "/home/dev/work/share/vim/vim73/ftplugin.vim"
finished sourcing /home/dev/work/share/vim/vim73/ftplugin.vim
continuing in /home/dev/.vimrc
Searching for "/home/dev/work/share/vim/vimfiles/after/ftplugin.vim"
Searching for "/home/dev/.vim/after/ftplugin.vim"
Searching for "indent.vim" in "/home/dev/.vim,/home/dev/.vim/bundle/minibufexpl.vim,/home/dev/work/share/vim/vimfiles,/home/dev/work/share/vim/vim73,/home/dev/work/share/vim/vimfiles/after,/home/dev/.vim/after"
Searching for "/home/dev/.vim/indent.vim"
Searching for "/home/dev/.vim/bundle/minibufexpl.vim/indent.vim"
Searching for "/home/dev/work/share/vim/vimfiles/indent.vim"
Searching for "/home/dev/work/share/vim/vim73/indent.vim"
chdir(/home/dev/work/share/vim/vim73)
fchdir() to previous dir
line 15: sourcing "/home/dev/work/share/vim/vim73/indent.vim"
finished sourcing /home/dev/work/share/vim/vim73/indent.vim
continuing in /home/dev/.vimrc
Searching for "/home/dev/work/share/vim/vimfiles/after/indent.vim"
Searching for "/home/dev/.vim/after/indent.vim"
Searching for "/usr/share/vim/vim62/plugin/taglist.vim" in "/home/dev/.vim,/home/dev/.vim/bundle/minibufexpl.vim,/home/dev/work/share/vim/vimfiles,/home/dev/work/share/vim/vim73,/home/dev/work/share/vim/vimfiles/after,/home/dev/.vim/after"
Searching for "/home/dev/.vim//usr/share/vim/vim62/plugin/taglist.vim"
Searching for "/home/dev/.vim/bundle/minibufexpl.vim//usr/share/vim/vim62/plugin/taglist.vim"
Searching for "/home/dev/work/share/vim/vimfiles//usr/share/vim/vim62/plugin/taglist.vim"
Searching for "/home/dev/work/share/vim/vim73//usr/share/vim/vim62/plugin/taglist.vim"
Searching for "/home/dev/work/share/vim/vimfiles/after//usr/share/vim/vim62/plugin/taglist.vim"
Searching for "/home/dev/.vim/after//usr/share/vim/vim62/plugin/taglist.vim"
not found in 'runtimepath': "/usr/share/vim/vim62/plugin/taglist.vim"
Searching for "colors/peachpuff.vim" in "/home/dev/.vim,/home/dev/.vim/bundle/minibufexpl.vim,/home/dev/work/share/vim/vimfiles,/home/dev/work/share/vim/vim73,/home/dev/work/share/vim/vimfiles/after,/home/dev/.vim/after"
Searching for "/home/dev/.vim/colors/peachpuff.vim"
Searching for "/home/dev/.vim/bundle/minibufexpl.vim/colors/peachpuff.vim"
Searching for "/home/dev/work/share/vim/vimfiles/colors/peachpuff.vim"
Searching for "/home/dev/work/share/vim/vim73/colors/peachpuff.vim"
chdir(/home/dev/work/share/vim/vim73/colors)
fchdir() to previous dir
line 32: sourcing "/home/dev/work/share/vim/vim73/colors/peachpuff.vim"
Searching for "syntax/syncolor.vim" in "/home/dev/.vim,/home/dev/.vim/bundle/minibufexpl.vim,/home/dev/work/share/vim/vimfiles,/home/dev/work/share/vim/vim73,/home/dev/work/share/vim/vimfiles/after,/home/dev/.vim/after"
Searching for "/home/dev/.vim/syntax/syncolor.vim"
Searching for "/home/dev/.vim/bundle/minibufexpl.vim/syntax/syncolor.vim"
Searching for "/home/dev/work/share/vim/vimfiles/syntax/syncolor.vim"
Searching for "/home/dev/work/share/vim/vim73/syntax/syncolor.vim"
chdir(/home/dev/work/share/vim/vim73/syntax)
fchdir() to previous dir
line 12: sourcing "/home/dev/work/share/vim/vim73/syntax/syncolor.vim"
finished sourcing /home/dev/work/share/vim/vim73/syntax/syncolor.vim
continuing in /home/dev/work/share/vim/vim73/colors/peachpuff.vim
Searching for "/home/dev/work/share/vim/vimfiles/after/syntax/syncolor.vim"
Searching for "/home/dev/.vim/after/syntax/syncolor.vim"
Searching for "syntax/syncolor.vim" in "/home/dev/.vim,/home/dev/.vim/bundle/minibufexpl.vim,/home/dev/work/share/vim/vimfiles,/home/dev/work/share/vim/vim73,/home/dev/work/share/vim/vimfiles/after,/home/dev/.vim/after"
Searching for "/home/dev/.vim/syntax/syncolor.vim"
Searching for "/home/dev/.vim/bundle/minibufexpl.vim/syntax/syncolor.vim"
Searching for "/home/dev/work/share/vim/vimfiles/syntax/syncolor.vim"
Searching for "/home/dev/work/share/vim/vim73/syntax/syncolor.vim"
chdir(/home/dev/work/share/vim/vim73/syntax)
fchdir() to previous dir
line 13: sourcing "/home/dev/work/share/vim/vim73/syntax/syncolor.vim"
finished sourcing /home/dev/work/share/vim/vim73/syntax/syncolor.vim
continuing in /home/dev/work/share/vim/vim73/colors/peachpuff.vim
Searching for "/home/dev/work/share/vim/vimfiles/after/syntax/syncolor.vim"
Searching for "/home/dev/.vim/after/syntax/syncolor.vim"
Searching for "syntax/syncolor.vim" in "/home/dev/.vim,/home/dev/.vim/bundle/minibufexpl.vim,/home/dev/work/share/vim/vimfiles,/home/dev/work/share/vim/vim73,/home/dev/work/share/vim/vimfiles/after,/home/dev/.vim/after"
Searching for "/home/dev/.vim/syntax/syncolor.vim"
Searching for "/home/dev/.vim/bundle/minibufexpl.vim/syntax/syncolor.vim"
Searching for "/home/dev/work/share/vim/vimfiles/syntax/syncolor.vim"
Searching for "/home/dev/work/share/vim/vim73/syntax/syncolor.vim"
chdir(/home/dev/work/share/vim/vim73/syntax)
fchdir() to previous dir
line 15: sourcing "/home/dev/work/share/vim/vim73/syntax/syncolor.vim"
finished sourcing /home/dev/work/share/vim/vim73/syntax/syncolor.vim
continuing in /home/dev/work/share/vim/vim73/colors/peachpuff.vim
Searching for "/home/dev/work/share/vim/vimfiles/after/syntax/syncolor.vim"
Searching for "/home/dev/.vim/after/syntax/syncolor.vim"
finished sourcing /home/dev/work/share/vim/vim73/colors/peachpuff.vim
continuing in /home/dev/.vimrc
finished sourcing $HOME/.vimrc
Searching for "plugin/**/*.vim" in "/home/dev/.vim,/home/dev/.vim/bundle/minibufexpl.vim,/home/dev/work/share/vim/vimfiles,/home/dev/work/share/vim/vim73,/home/dev/work/share/vim/vimfiles/after,/home/dev/.vim/after"
Searching for "/home/dev/.vim/plugin/**/*.vim"
chdir(/home/dev/.vim/plugin)
fchdir() to previous dir
sourcing "/home/dev/.vim/plugin/DoxygenToolkit.vim"
finished sourcing /home/dev/.vim/plugin/DoxygenToolkit.vim
Searching for "/home/dev/.vim/bundle/minibufexpl.vim/plugin/**/*.vim"
chdir(/home/dev/.vim/bundle/minibufexpl.vim/plugin)
fchdir() to previous dir
sourcing "/home/dev/.vim/bundle/minibufexpl.vim/plugin/minibufexpl.vim"
finished sourcing /home/dev/.vim/bundle/minibufexpl.vim/plugin/minibufexpl.vim
Searching for "/home/dev/work/share/vim/vimfiles/plugin/**/*.vim"
Searching for "/home/dev/work/share/vim/vim73/plugin/**/*.vim"
chdir(/home/dev/work/share/vim/vim73/plugin)
fchdir() to previous dir
sourcing "/home/dev/work/share/vim/vim73/plugin/getscriptPlugin.vim"
finished sourcing /home/dev/work/share/vim/vim73/plugin/getscriptPlugin.vim
chdir(/home/dev/work/share/vim/vim73/plugin)
fchdir() to previous dir
sourcing "/home/dev/work/share/vim/vim73/plugin/gzip.vim"
finished sourcing /home/dev/work/share/vim/vim73/plugin/gzip.vim
chdir(/home/dev/work/share/vim/vim73/plugin)
fchdir() to previous dir
sourcing "/home/dev/work/share/vim/vim73/plugin/matchparen.vim"
finished sourcing /home/dev/work/share/vim/vim73/plugin/matchparen.vim
chdir(/home/dev/work/share/vim/vim73/plugin)
fchdir() to previous dir
sourcing "/home/dev/work/share/vim/vim73/plugin/netrwPlugin.vim"
finished sourcing /home/dev/work/share/vim/vim73/plugin/netrwPlugin.vim
chdir(/home/dev/work/share/vim/vim73/plugin)
fchdir() to previous dir
sourcing "/home/dev/work/share/vim/vim73/plugin/rrhelper.vim"
finished sourcing /home/dev/work/share/vim/vim73/plugin/rrhelper.vim
chdir(/home/dev/work/share/vim/vim73/plugin)
fchdir() to previous dir
sourcing "/home/dev/work/share/vim/vim73/plugin/spellfile.vim"
finished sourcing /home/dev/work/share/vim/vim73/plugin/spellfile.vim
chdir(/home/dev/work/share/vim/vim73/plugin)
fchdir() to previous dir
sourcing "/home/dev/work/share/vim/vim73/plugin/tarPlugin.vim"
finished sourcing /home/dev/work/share/vim/vim73/plugin/tarPlugin.vim
chdir(/home/dev/work/share/vim/vim73/plugin)
fchdir() to previous dir
sourcing "/home/dev/work/share/vim/vim73/plugin/tohtml.vim"
finished sourcing /home/dev/work/share/vim/vim73/plugin/tohtml.vim
chdir(/home/dev/work/share/vim/vim73/plugin)
fchdir() to previous dir
sourcing "/home/dev/work/share/vim/vim73/plugin/vimballPlugin.vim"
finished sourcing /home/dev/work/share/vim/vim73/plugin/vimballPlugin.vim
chdir(/home/dev/work/share/vim/vim73/plugin)
fchdir() to previous dir
sourcing "/home/dev/work/share/vim/vim73/plugin/zipPlugin.vim"
finished sourcing /home/dev/work/share/vim/vim73/plugin/zipPlugin.vim
Searching for "/home/dev/work/share/vim/vimfiles/after/plugin/**/*.vim"
Searching for "/home/dev/.vim/after/plugin/**/*.vim"
chdir(/home/dev/work/share/vim/vim73)
fchdir() to previous dir
sourcing "$VIMRUNTIME/menu.vim"
finished sourcing $VIMRUNTIME/menu.vim
chdir(/home/dev/work/share/vim)
fchdir() to previous dir
could not source "$VIM/gvimrc"
chdir(/home/dev)
fchdir() to previous dir
sourcing "$HOME/.gvimrc"
finished sourcing $HOME/.gvimrc
Searching for "bitmaps/Open.png" in "/home/dev/.vim,/home/dev/.vim/bundle/minibufexpl.vim,/home/dev/work/share/vim/vimfiles,/home/dev/work/share/vim/vim73,/home/dev/work/share/vim/vimfiles/after,/home/dev/.vim/after"
Searching for "/home/dev/.vim/bitmaps/Open.png"
Searching for "/home/dev/.vim/bundle/minibufexpl.vim/bitmaps/Open.png"
Searching for "/home/dev/work/share/vim/vimfiles/bitmaps/Open.png"
Searching for "/home/dev/work/share/vim/vim73/bitmaps/Open.png"
Searching for "/home/dev/work/share/vim/vimfiles/after/bitmaps/Open.png"
Searching for "/home/dev/.vim/after/bitmaps/Open.png"
not found in 'runtimepath': "bitmaps/Open.png"
Searching for "bitmaps/Open.xpm" in "/home/dev/.vim,/home/dev/.vim/bundle/minibufexpl.vim,/home/dev/work/share/vim/vimfiles,/home/dev/work/share/vim/vim73,/home/dev/work/share/vim/vimfiles/after,/home/dev/.vim/after"
Searching for "/home/dev/.vim/bitmaps/Open.xpm"
Searching for "/home/dev/.vim/bundle/minibufexpl.vim/bitmaps/Open.xpm"
Searching for "/home/dev/work/share/vim/vimfiles/bitmaps/Open.xpm"
Searching for "/home/dev/work/share/vim/vim73/bitmaps/Open.xpm"
Searching for "/home/dev/work/share/vim/vimfiles/after/bitmaps/Open.xpm"
Searching for "/home/dev/.vim/after/bitmaps/Open.xpm"
not found in 'runtimepath': "bitmaps/Open.xpm"
Searching for "bitmaps/Open.bmp" in "/home/dev/.vim,/home/dev/.vim/bundle/minibufexpl.vim,/home/dev/work/share/vim/vimfiles,/home/dev/work/share/vim/vim73,/home/dev/work/share/vim/vimfiles/after,/home/dev/.vim/after"
Searching for "/home/dev/.vim/bitmaps/Open.bmp"
Searching for "/home/dev/.vim/bundle/minibufexpl.vim/bitmaps/Open.bmp"
Searching for "/home/dev/work/share/vim/vimfiles/bitmaps/Open.bmp"
Searching for "/home/dev/work/share/vim/vim73/bitmaps/Open.bmp"
Searching for "/home/dev/work/share/vim/vimfiles/after/bitmaps/Open.bmp"
Searching for "/home/dev/.vim/after/bitmaps/Open.bmp"
not found in 'runtimepath': "bitmaps/Open.bmp"
Searching for "bitmaps/Save.png" in "/home/dev/.vim,/home/dev/.vim/bundle/minibufexpl.vim,/home/dev/work/share/vim/vimfiles,/home/dev/work/share/vim/vim73,/home/dev/work/share/vim/vimfiles/after,/home/dev/.vim/after"
Searching for "/home/dev/.vim/bitmaps/Save.png"
Searching for "/home/dev/.vim/bundle/minibufexpl.vim/bitmaps/Save.png"
Searching for "/home/dev/work/share/vim/vimfiles/bitmaps/Save.png"
Searching for "/home/dev/work/share/vim/vim73/bitmaps/Save.png"
Searching for "/home/dev/work/share/vim/vimfiles/after/bitmaps/Save.png"
Searching for "/home/dev/.vim/after/bitmaps/Save.png"
not found in 'runtimepath': "bitmaps/Save.png"
Searching for "bitmaps/Save.xpm" in "/home/dev/.vim,/home/dev/.vim/bundle/minibufexpl.vim,/home/dev/work/share/vim/vimfiles,/home/dev/work/share/vim/vim73,/home/dev/work/share/vim/vimfiles/after,/home/dev/.vim/after"
Searching for "/home/dev/.vim/bitmaps/Save.xpm"
Searching for "/home/dev/.vim/bundle/minibufexpl.vim/bitmaps/Save.xpm"
Searching for "/home/dev/work/share/vim/vimfiles/bitmaps/Save.xpm"
Searching for "/home/dev/work/share/vim/vim73/bitmaps/Save.xpm"
Searching for "/home/dev/work/share/vim/vimfiles/after/bitmaps/Save.xpm"
Searching for "/home/dev/.vim/after/bitmaps/Save.xpm"
not found in 'runtimepath': "bitmaps/Save.xpm"
Searching for "bitmaps/Save.bmp" in "/home/dev/.vim,/home/dev/.vim/bundle/minibufexpl.vim,/home/dev/work/share/vim/vimfiles,/home/dev/work/share/vim/vim73,/home/dev/work/share/vim/vimfiles/after,/home/dev/.vim/after"
Searching for "/home/dev/.vim/bitmaps/Save.bmp"
Searching for "/home/dev/.vim/bundle/minibufexpl.vim/bitmaps/Save.bmp"
Searching for "/home/dev/work/share/vim/vimfiles/bitmaps/Save.bmp"
Searching for "/home/dev/work/share/vim/vim73/bitmaps/Save.bmp"
Searching for "/home/dev/work/share/vim/vimfiles/after/bitmaps/Save.bmp"
Searching for "/home/dev/.vim/after/bitmaps/Save.bmp"
not found in 'runtimepath': "bitmaps/Save.bmp"
Searching for "bitmaps/SaveAll.png" in "/home/dev/.vim,/home/dev/.vim/bundle/minibufexpl.vim,/home/dev/work/share/vim/vimfiles,/home/dev/work/share/vim/vim73,/home/dev/work/share/vim/vimfiles/after,/home/dev/.vim/after"
Searching for "/home/dev/.vim/bitmaps/SaveAll.png"
Searching for "/home/dev/.vim/bundle/minibufexpl.vim/bitmaps/SaveAll.png"
Searching for "/home/dev/work/share/vim/vimfiles/bitmaps/SaveAll.png"
Searching for "/home/dev/work/share/vim/vim73/bitmaps/SaveAll.png"
Searching for "/home/dev/work/share/vim/vimfiles/after/bitmaps/SaveAll.png"
Searching for "/home/dev/.vim/after/bitmaps/SaveAll.png"
not found in 'runtimepath': "bitmaps/SaveAll.png"
Searching for "bitmaps/SaveAll.xpm" in "/home/dev/.vim,/home/dev/.vim/bundle/minibufexpl.vim,/home/dev/work/share/vim/vimfiles,/home/dev/work/share/vim/vim73,/home/dev/work/share/vim/vimfiles/after,/home/dev/.vim/after"
Searching for "/home/dev/.vim/bitmaps/SaveAll.xpm"
Searching for "/home/dev/.vim/bundle/minibufexpl.vim/bitmaps/SaveAll.xpm"
Searching for "/home/dev/work/share/vim/vimfiles/bitmaps/SaveAll.xpm"
Searching for "/home/dev/work/share/vim/vim73/bitmaps/SaveAll.xpm"
Searching for "/home/dev/work/share/vim/vimfiles/after/bitmaps/SaveAll.xpm"
Searching for "/home/dev/.vim/after/bitmaps/SaveAll.xpm"
not found in 'runtimepath': "bitmaps/SaveAll.xpm"
Searching for "bitmaps/SaveAll.bmp" in "/home/dev/.vim,/home/dev/.vim/bundle/minibufexpl.vim,/home/dev/work/share/vim/vimfiles,/home/dev/work/share/vim/vim73,/home/dev/work/share/vim/vimfiles/after,/home/dev/.vim/after"
Searching for "/home/dev/.vim/bitmaps/SaveAll.bmp"
Searching for "/home/dev/.vim/bundle/minibufexpl.vim/bitmaps/SaveAll.bmp"
Searching for "/home/dev/work/share/vim/vimfiles/bitmaps/SaveAll.bmp"
Searching for "/home/dev/work/share/vim/vim73/bitmaps/SaveAll.bmp"
Searching for "/home/dev/work/share/vim/vimfiles/after/bitmaps/SaveAll.bmp"
Searching for "/home/dev/.vim/after/bitmaps/SaveAll.bmp"
not found in 'runtimepath': "bitmaps/SaveAll.bmp"
Searching for "bitmaps/Print.png" in "/home/dev/.vim,/home/dev/.vim/bundle/minibufexpl.vim,/home/dev/work/share/vim/vimfiles,/home/dev/work/share/vim/vim73,/home/dev/work/share/vim/vimfiles/after,/home/dev/.vim/after"
Searching for "/home/dev/.vim/bitmaps/Print.png"
Searching for "/home/dev/.vim/bundle/minibufexpl.vim/bitmaps/Print.png"
Searching for "/home/dev/work/share/vim/vimfiles/bitmaps/Print.png"
Searching for "/home/dev/work/share/vim/vim73/bitmaps/Print.png"
Searching for "/home/dev/work/share/vim/vimfiles/after/bitmaps/Print.png"
Searching for "/home/dev/.vim/after/bitmaps/Print.png"
not found in 'runtimepath': "bitmaps/Print.png"
Searching for "bitmaps/Print.xpm" in "/home/dev/.vim,/home/dev/.vim/bundle/minibufexpl.vim,/home/dev/work/share/vim/vimfiles,/home/dev/work/share/vim/vim73,/home/dev/work/share/vim/vimfiles/after,/home/dev/.vim/after"
Searching for "/home/dev/.vim/bitmaps/Print.xpm"
Searching for "/home/dev/.vim/bundle/minibufexpl.vim/bitmaps/Print.xpm"
Searching for "/home/dev/work/share/vim/vimfiles/bitmaps/Print.xpm"
Searching for "/home/dev/work/share/vim/vim73/bitmaps/Print.xpm"
Searching for "/home/dev/work/share/vim/vimfiles/after/bitmaps/Print.xpm"
Searching for "/home/dev/.vim/after/bitmaps/Print.xpm"
not found in 'runtimepath': "bitmaps/Print.xpm"
Searching for "bitmaps/Print.bmp" in "/home/dev/.vim,/home/dev/.vim/bundle/minibufexpl.vim,/home/dev/work/share/vim/vimfiles,/home/dev/work/share/vim/vim73,/home/dev/work/share/vim/vimfiles/after,/home/dev/.vim/after"
Searching for "/home/dev/.vim/bitmaps/Print.bmp"
Searching for "/home/dev/.vim/bundle/minibufexpl.vim/bitmaps/Print.bmp"
Searching for "/home/dev/work/share/vim/vimfiles/bitmaps/Print.bmp"
Searching for "/home/dev/work/share/vim/vim73/bitmaps/Print.bmp"
Searching for "/home/dev/work/share/vim/vimfiles/after/bitmaps/Print.bmp"
Searching for "/home/dev/.vim/after/bitmaps/Print.bmp"
not found in 'runtimepath': "bitmaps/Print.bmp"
Searching for "bitmaps/Undo.png" in "/home/dev/.vim,/home/dev/.vim/bundle/minibufexpl.vim,/home/dev/work/share/vim/vimfiles,/home/dev/work/share/vim/vim73,/home/dev/work/share/vim/vimfiles/after,/home/dev/.vim/after"
Searching for "/home/dev/.vim/bitmaps/Undo.png"
Searching for "/home/dev/.vim/bundle/minibufexpl.vim/bitmaps/Undo.png"
Searching for "/home/dev/work/share/vim/vimfiles/bitmaps/Undo.png"
Searching for "/home/dev/work/share/vim/vim73/bitmaps/Undo.png"
Searching for "/home/dev/work/share/vim/vimfiles/after/bitmaps/Undo.png"
Searching for "/home/dev/.vim/after/bitmaps/Undo.png"
not found in 'runtimepath': "bitmaps/Undo.png"
Searching for "bitmaps/Undo.xpm" in "/home/dev/.vim,/home/dev/.vim/bundle/minibufexpl.vim,/home/dev/work/share/vim/vimfiles,/home/dev/work/share/vim/vim73,/home/dev/work/share/vim/vimfiles/after,/home/dev/.vim/after"
Searching for "/home/dev/.vim/bitmaps/Undo.xpm"
Searching for "/home/dev/.vim/bundle/minibufexpl.vim/bitmaps/Undo.xpm"
Searching for "/home/dev/work/share/vim/vimfiles/bitmaps/Undo.xpm"
Searching for "/home/dev/work/share/vim/vim73/bitmaps/Undo.xpm"
Searching for "/home/dev/work/share/vim/vimfiles/after/bitmaps/Undo.xpm"
Searching for "/home/dev/.vim/after/bitmaps/Undo.xpm"
not found in 'runtimepath': "bitmaps/Undo.xpm"
Searching for "bitmaps/Undo.bmp" in "/home/dev/.vim,/home/dev/.vim/bundle/minibufexpl.vim,/home/dev/work/share/vim/vimfiles,/home/dev/work/share/vim/vim73,/home/dev/work/share/vim/vimfiles/after,/home/dev/.vim/after"
Searching for "/home/dev/.vim/bitmaps/Undo.bmp"
Searching for "/home/dev/.vim/bundle/minibufexpl.vim/bitmaps/Undo.bmp"
Searching for "/home/dev/work/share/vim/vimfiles/bitmaps/Undo.bmp"
Searching for "/home/dev/work/share/vim/vim73/bitmaps/Undo.bmp"
Searching for "/home/dev/work/share/vim/vimfiles/after/bitmaps/Undo.bmp"
Searching for "/home/dev/.vim/after/bitmaps/Undo.bmp"
not found in 'runtimepath': "bitmaps/Undo.bmp"
Searching for "bitmaps/Redo.png" in "/home/dev/.vim,/home/dev/.vim/bundle/minibufexpl.vim,/home/dev/work/share/vim/vimfiles,/home/dev/work/share/vim/vim73,/home/dev/work/share/vim/vimfiles/after,/home/dev/.vim/after"
Searching for "/home/dev/.vim/bitmaps/Redo.png"
Searching for "/home/dev/.vim/bundle/minibufexpl.vim/bitmaps/Redo.png"
Searching for "/home/dev/work/share/vim/vimfiles/bitmaps/Redo.png"
Searching for "/home/dev/work/share/vim/vim73/bitmaps/Redo.png"
Searching for "/home/dev/work/share/vim/vimfiles/after/bitmaps/Redo.png"
Searching for "/home/dev/.vim/after/bitmaps/Redo.png"
not found in 'runtimepath': "bitmaps/Redo.png"
Searching for "bitmaps/Redo.xpm" in "/home/dev/.vim,/home/dev/.vim/bundle/minibufexpl.vim,/home/dev/work/share/vim/vimfiles,/home/dev/work/share/vim/vim73,/home/dev/work/share/vim/vimfiles/after,/home/dev/.vim/after"
Searching for "/home/dev/.vim/bitmaps/Redo.xpm"
Searching for "/home/dev/.vim/bundle/minibufexpl.vim/bitmaps/Redo.xpm"
Searching for "/home/dev/work/share/vim/vimfiles/bitmaps/Redo.xpm"
Searching for "/home/dev/work/share/vim/vim73/bitmaps/Redo.xpm"
Searching for "/home/dev/work/share/vim/vimfiles/after/bitmaps/Redo.xpm"
Searching for "/home/dev/.vim/after/bitmaps/Redo.xpm"
not found in 'runtimepath': "bitmaps/Redo.xpm"
Searching for "bitmaps/Redo.bmp" in "/home/dev/.vim,/home/dev/.vim/bundle/minibufexpl.vim,/home/dev/work/share/vim/vimfiles,/home/dev/work/share/vim/vim73,/home/dev/work/share/vim/vimfiles/after,/home/dev/.vim/after"
Searching for "/home/dev/.vim/bitmaps/Redo.bmp"
Searching for "/home/dev/.vim/bundle/minibufexpl.vim/bitmaps/Redo.bmp"
Searching for "/home/dev/work/share/vim/vimfiles/bitmaps/Redo.bmp"
Searching for "/home/dev/work/share/vim/vim73/bitmaps/Redo.bmp"
Searching for "/home/dev/work/share/vim/vimfiles/after/bitmaps/Redo.bmp"
Searching for "/home/dev/.vim/after/bitmaps/Redo.bmp"
not found in 'runtimepath': "bitmaps/Redo.bmp"
Searching for "bitmaps/Cut.png" in "/home/dev/.vim,/home/dev/.vim/bundle/minibufexpl.vim,/home/dev/work/share/vim/vimfiles,/home/dev/work/share/vim/vim73,/home/dev/work/share/vim/vimfiles/after,/home/dev/.vim/after"
Searching for "/home/dev/.vim/bitmaps/Cut.png"
Searching for "/home/dev/.vim/bundle/minibufexpl.vim/bitmaps/Cut.png"
Searching for "/home/dev/work/share/vim/vimfiles/bitmaps/Cut.png"
Searching for "/home/dev/work/share/vim/vim73/bitmaps/Cut.png"
Searching for "/home/dev/work/share/vim/vimfiles/after/bitmaps/Cut.png"
Searching for "/home/dev/.vim/after/bitmaps/Cut.png"
not found in 'runtimepath': "bitmaps/Cut.png"
Searching for "bitmaps/Cut.xpm" in "/home/dev/.vim,/home/dev/.vim/bundle/minibufexpl.vim,/home/dev/work/share/vim/vimfiles,/home/dev/work/share/vim/vim73,/home/dev/work/share/vim/vimfiles/after,/home/dev/.vim/after"
Searching for "/home/dev/.vim/bitmaps/Cut.xpm"
Searching for "/home/dev/.vim/bundle/minibufexpl.vim/bitmaps/Cut.xpm"
Searching for "/home/dev/work/share/vim/vimfiles/bitmaps/Cut.xpm"
Searching for "/home/dev/work/share/vim/vim73/bitmaps/Cut.xpm"
Searching for "/home/dev/work/share/vim/vimfiles/after/bitmaps/Cut.xpm"
Searching for "/home/dev/.vim/after/bitmaps/Cut.xpm"
not found in 'runtimepath': "bitmaps/Cut.xpm"
Searching for "bitmaps/Cut.bmp" in "/home/dev/.vim,/home/dev/.vim/bundle/minibufexpl.vim,/home/dev/work/share/vim/vimfiles,/home/dev/work/share/vim/vim73,/home/dev/work/share/vim/vimfiles/after,/home/dev/.vim/after"
Searching for "/home/dev/.vim/bitmaps/Cut.bmp"
Searching for "/home/dev/.vim/bundle/minibufexpl.vim/bitmaps/Cut.bmp"
Searching for "/home/dev/work/share/vim/vimfiles/bitmaps/Cut.bmp"
Searching for "/home/dev/work/share/vim/vim73/bitmaps/Cut.bmp"
Searching for "/home/dev/work/share/vim/vimfiles/after/bitmaps/Cut.bmp"
Searching for "/home/dev/.vim/after/bitmaps/Cut.bmp"
not found in 'runtimepath': "bitmaps/Cut.bmp"
Searching for "bitmaps/Copy.png" in "/home/dev/.vim,/home/dev/.vim/bundle/minibufexpl.vim,/home/dev/work/share/vim/vimfiles,/home/dev/work/share/vim/vim73,/home/dev/work/share/vim/vimfiles/after,/home/dev/.vim/after"
Searching for "/home/dev/.vim/bitmaps/Copy.png"
Searching for "/home/dev/.vim/bundle/minibufexpl.vim/bitmaps/Copy.png"
Searching for "/home/dev/work/share/vim/vimfiles/bitmaps/Copy.png"
Searching for "/home/dev/work/share/vim/vim73/bitmaps/Copy.png"
Searching for "/home/dev/work/share/vim/vimfiles/after/bitmaps/Copy.png"
Searching for "/home/dev/.vim/after/bitmaps/Copy.png"
not found in 'runtimepath': "bitmaps/Copy.png"
Searching for "bitmaps/Copy.xpm" in "/home/dev/.vim,/home/dev/.vim/bundle/minibufexpl.vim,/home/dev/work/share/vim/vimfiles,/home/dev/work/share/vim/vim73,/home/dev/work/share/vim/vimfiles/after,/home/dev/.vim/after"
Searching for "/home/dev/.vim/bitmaps/Copy.xpm"
Searching for "/home/dev/.vim/bundle/minibufexpl.vim/bitmaps/Copy.xpm"
Searching for "/home/dev/work/share/vim/vimfiles/bitmaps/Copy.xpm"
Searching for "/home/dev/work/share/vim/vim73/bitmaps/Copy.xpm"
Searching for "/home/dev/work/share/vim/vimfiles/after/bitmaps/Copy.xpm"
Searching for "/home/dev/.vim/after/bitmaps/Copy.xpm"
not found in 'runtimepath': "bitmaps/Copy.xpm"
Searching for "bitmaps/Copy.bmp" in "/home/dev/.vim,/home/dev/.vim/bundle/minibufexpl.vim,/home/dev/work/share/vim/vimfiles,/home/dev/work/share/vim/vim73,/home/dev/work/share/vim/vimfiles/after,/home/dev/.vim/after"
Searching for "/home/dev/.vim/bitmaps/Copy.bmp"
Searching for "/home/dev/.vim/bundle/minibufexpl.vim/bitmaps/Copy.bmp"
Searching for "/home/dev/work/share/vim/vimfiles/bitmaps/Copy.bmp"
Searching for "/home/dev/work/share/vim/vim73/bitmaps/Copy.bmp"
Searching for "/home/dev/work/share/vim/vimfiles/after/bitmaps/Copy.bmp"
Searching for "/home/dev/.vim/after/bitmaps/Copy.bmp"
not found in 'runtimepath': "bitmaps/Copy.bmp"
Searching for "bitmaps/Paste.png" in "/home/dev/.vim,/home/dev/.vim/bundle/minibufexpl.vim,/home/dev/work/share/vim/vimfiles,/home/dev/work/share/vim/vim73,/home/dev/work/share/vim/vimfiles/after,/home/dev/.vim/after"
Searching for "/home/dev/.vim/bitmaps/Paste.png"
Searching for "/home/dev/.vim/bundle/minibufexpl.vim/bitmaps/Paste.png"
Searching for "/home/dev/work/share/vim/vimfiles/bitmaps/Paste.png"
Searching for "/home/dev/work/share/vim/vim73/bitmaps/Paste.png"
Searching for "/home/dev/work/share/vim/vimfiles/after/bitmaps/Paste.png"
Searching for "/home/dev/.vim/after/bitmaps/Paste.png"
not found in 'runtimepath': "bitmaps/Paste.png"
Searching for "bitmaps/Paste.xpm" in "/home/dev/.vim,/home/dev/.vim/bundle/minibufexpl.vim,/home/dev/work/share/vim/vimfiles,/home/dev/work/share/vim/vim73,/home/dev/work/share/vim/vimfiles/after,/home/dev/.vim/after"
Searching for "/home/dev/.vim/bitmaps/Paste.xpm"
Searching for "/home/dev/.vim/bundle/minibufexpl.vim/bitmaps/Paste.xpm"
Searching for "/home/dev/work/share/vim/vimfiles/bitmaps/Paste.xpm"
Searching for "/home/dev/work/share/vim/vim73/bitmaps/Paste.xpm"
Searching for "/home/dev/work/share/vim/vimfiles/after/bitmaps/Paste.xpm"
Searching for "/home/dev/.vim/after/bitmaps/Paste.xpm"
not found in 'runtimepath': "bitmaps/Paste.xpm"
Searching for "bitmaps/Paste.bmp" in "/home/dev/.vim,/home/dev/.vim/bundle/minibufexpl.vim,/home/dev/work/share/vim/vimfiles,/home/dev/work/share/vim/vim73,/home/dev/work/share/vim/vimfiles/after,/home/dev/.vim/after"
Searching for "/home/dev/.vim/bitmaps/Paste.bmp"
Searching for "/home/dev/.vim/bundle/minibufexpl.vim/bitmaps/Paste.bmp"
Searching for "/home/dev/work/share/vim/vimfiles/bitmaps/Paste.bmp"
Searching for "/home/dev/work/share/vim/vim73/bitmaps/Paste.bmp"
Searching for "/home/dev/work/share/vim/vimfiles/after/bitmaps/Paste.bmp"
Searching for "/home/dev/.vim/after/bitmaps/Paste.bmp"
not found in 'runtimepath': "bitmaps/Paste.bmp"
Searching for "bitmaps/Replace.png" in "/home/dev/.vim,/home/dev/.vim/bundle/minibufexpl.vim,/home/dev/work/share/vim/vimfiles,/home/dev/work/share/vim/vim73,/home/dev/work/share/vim/vimfiles/after,/home/dev/.vim/after"
Searching for "/home/dev/.vim/bitmaps/Replace.png"
Searching for "/home/dev/.vim/bundle/minibufexpl.vim/bitmaps/Replace.png"
Searching for "/home/dev/work/share/vim/vimfiles/bitmaps/Replace.png"
Searching for "/home/dev/work/share/vim/vim73/bitmaps/Replace.png"
Searching for "/home/dev/work/share/vim/vimfiles/after/bitmaps/Replace.png"
Searching for "/home/dev/.vim/after/bitmaps/Replace.png"
not found in 'runtimepath': "bitmaps/Replace.png"
Searching for "bitmaps/Replace.xpm" in "/home/dev/.vim,/home/dev/.vim/bundle/minibufexpl.vim,/home/dev/work/share/vim/vimfiles,/home/dev/work/share/vim/vim73,/home/dev/work/share/vim/vimfiles/after,/home/dev/.vim/after"
Searching for "/home/dev/.vim/bitmaps/Replace.xpm"
Searching for "/home/dev/.vim/bundle/minibufexpl.vim/bitmaps/Replace.xpm"
Searching for "/home/dev/work/share/vim/vimfiles/bitmaps/Replace.xpm"
Searching for "/home/dev/work/share/vim/vim73/bitmaps/Replace.xpm"
Searching for "/home/dev/work/share/vim/vimfiles/after/bitmaps/Replace.xpm"
Searching for "/home/dev/.vim/after/bitmaps/Replace.xpm"
not found in 'runtimepath': "bitmaps/Replace.xpm"
Searching for "bitmaps/Replace.bmp" in "/home/dev/.vim,/home/dev/.vim/bundle/minibufexpl.vim,/home/dev/work/share/vim/vimfiles,/home/dev/work/share/vim/vim73,/home/dev/work/share/vim/vimfiles/after,/home/dev/.vim/after"
Searching for "/home/dev/.vim/bitmaps/Replace.bmp"
Searching for "/home/dev/.vim/bundle/minibufexpl.vim/bitmaps/Replace.bmp"
Searching for "/home/dev/work/share/vim/vimfiles/bitmaps/Replace.bmp"
Searching for "/home/dev/work/share/vim/vim73/bitmaps/Replace.bmp"
Searching for "/home/dev/work/share/vim/vimfiles/after/bitmaps/Replace.bmp"
Searching for "/home/dev/.vim/after/bitmaps/Replace.bmp"
not found in 'runtimepath': "bitmaps/Replace.bmp"
Searching for "bitmaps/FindNext.png" in "/home/dev/.vim,/home/dev/.vim/bundle/minibufexpl.vim,/home/dev/work/share/vim/vimfiles,/home/dev/work/share/vim/vim73,/home/dev/work/share/vim/vimfiles/after,/home/dev/.vim/after"
Searching for "/home/dev/.vim/bitmaps/FindNext.png"
Searching for "/home/dev/.vim/bundle/minibufexpl.vim/bitmaps/FindNext.png"
Searching for "/home/dev/work/share/vim/vimfiles/bitmaps/FindNext.png"
Searching for "/home/dev/work/share/vim/vim73/bitmaps/FindNext.png"
Searching for "/home/dev/work/share/vim/vimfiles/after/bitmaps/FindNext.png"
Searching for "/home/dev/.vim/after/bitmaps/FindNext.png"
not found in 'runtimepath': "bitmaps/FindNext.png"
Searching for "bitmaps/FindNext.xpm" in "/home/dev/.vim,/home/dev/.vim/bundle/minibufexpl.vim,/home/dev/work/share/vim/vimfiles,/home/dev/work/share/vim/vim73,/home/dev/work/share/vim/vimfiles/after,/home/dev/.vim/after"
Searching for "/home/dev/.vim/bitmaps/FindNext.xpm"
Searching for "/home/dev/.vim/bundle/minibufexpl.vim/bitmaps/FindNext.xpm"
Searching for "/home/dev/work/share/vim/vimfiles/bitmaps/FindNext.xpm"
Searching for "/home/dev/work/share/vim/vim73/bitmaps/FindNext.xpm"
Searching for "/home/dev/work/share/vim/vimfiles/after/bitmaps/FindNext.xpm"
Searching for "/home/dev/.vim/after/bitmaps/FindNext.xpm"
not found in 'runtimepath': "bitmaps/FindNext.xpm"
Searching for "bitmaps/FindNext.bmp" in "/home/dev/.vim,/home/dev/.vim/bundle/minibufexpl.vim,/home/dev/work/share/vim/vimfiles,/home/dev/work/share/vim/vim73,/home/dev/work/share/vim/vimfiles/after,/home/dev/.vim/after"
Searching for "/home/dev/.vim/bitmaps/FindNext.bmp"
Searching for "/home/dev/.vim/bundle/minibufexpl.vim/bitmaps/FindNext.bmp"
Searching for "/home/dev/work/share/vim/vimfiles/bitmaps/FindNext.bmp"
Searching for "/home/dev/work/share/vim/vim73/bitmaps/FindNext.bmp"
Searching for "/home/dev/work/share/vim/vimfiles/after/bitmaps/FindNext.bmp"
Searching for "/home/dev/.vim/after/bitmaps/FindNext.bmp"
not found in 'runtimepath': "bitmaps/FindNext.bmp"
Searching for "bitmaps/FindPrev.png" in "/home/dev/.vim,/home/dev/.vim/bundle/minibufexpl.vim,/home/dev/work/share/vim/vimfiles,/home/dev/work/share/vim/vim73,/home/dev/work/share/vim/vimfiles/after,/home/dev/.vim/after"
Searching for "/home/dev/.vim/bitmaps/FindPrev.png"
Searching for "/home/dev/.vim/bundle/minibufexpl.vim/bitmaps/FindPrev.png"
Searching for "/home/dev/work/share/vim/vimfiles/bitmaps/FindPrev.png"
Searching for "/home/dev/work/share/vim/vim73/bitmaps/FindPrev.png"
Searching for "/home/dev/work/share/vim/vimfiles/after/bitmaps/FindPrev.png"
Searching for "/home/dev/.vim/after/bitmaps/FindPrev.png"
not found in 'runtimepath': "bitmaps/FindPrev.png"
Searching for "bitmaps/FindPrev.xpm" in "/home/dev/.vim,/home/dev/.vim/bundle/minibufexpl.vim,/home/dev/work/share/vim/vimfiles,/home/dev/work/share/vim/vim73,/home/dev/work/share/vim/vimfiles/after,/home/dev/.vim/after"
Searching for "/home/dev/.vim/bitmaps/FindPrev.xpm"
Searching for "/home/dev/.vim/bundle/minibufexpl.vim/bitmaps/FindPrev.xpm"
Searching for "/home/dev/work/share/vim/vimfiles/bitmaps/FindPrev.xpm"
Searching for "/home/dev/work/share/vim/vim73/bitmaps/FindPrev.xpm"
Searching for "/home/dev/work/share/vim/vimfiles/after/bitmaps/FindPrev.xpm"
Searching for "/home/dev/.vim/after/bitmaps/FindPrev.xpm"
not found in 'runtimepath': "bitmaps/FindPrev.xpm"
Searching for "bitmaps/FindPrev.bmp" in "/home/dev/.vim,/home/dev/.vim/bundle/minibufexpl.vim,/home/dev/work/share/vim/vimfiles,/home/dev/work/share/vim/vim73,/home/dev/work/share/vim/vimfiles/after,/home/dev/.vim/after"
Searching for "/home/dev/.vim/bitmaps/FindPrev.bmp"
Searching for "/home/dev/.vim/bundle/minibufexpl.vim/bitmaps/FindPrev.bmp"
Searching for "/home/dev/work/share/vim/vimfiles/bitmaps/FindPrev.bmp"
Searching for "/home/dev/work/share/vim/vim73/bitmaps/FindPrev.bmp"
Searching for "/home/dev/work/share/vim/vimfiles/after/bitmaps/FindPrev.bmp"
Searching for "/home/dev/.vim/after/bitmaps/FindPrev.bmp"
not found in 'runtimepath': "bitmaps/FindPrev.bmp"
Searching for "bitmaps/LoadSesn.png" in "/home/dev/.vim,/home/dev/.vim/bundle/minibufexpl.vim,/home/dev/work/share/vim/vimfiles,/home/dev/work/share/vim/vim73,/home/dev/work/share/vim/vimfiles/after,/home/dev/.vim/after"
Searching for "/home/dev/.vim/bitmaps/LoadSesn.png"
Searching for "/home/dev/.vim/bundle/minibufexpl.vim/bitmaps/LoadSesn.png"
Searching for "/home/dev/work/share/vim/vimfiles/bitmaps/LoadSesn.png"
Searching for "/home/dev/work/share/vim/vim73/bitmaps/LoadSesn.png"
Searching for "/home/dev/work/share/vim/vimfiles/after/bitmaps/LoadSesn.png"
Searching for "/home/dev/.vim/after/bitmaps/LoadSesn.png"
not found in 'runtimepath': "bitmaps/LoadSesn.png"
Searching for "bitmaps/LoadSesn.xpm" in "/home/dev/.vim,/home/dev/.vim/bundle/minibufexpl.vim,/home/dev/work/share/vim/vimfiles,/home/dev/work/share/vim/vim73,/home/dev/work/share/vim/vimfiles/after,/home/dev/.vim/after"
Searching for "/home/dev/.vim/bitmaps/LoadSesn.xpm"
Searching for "/home/dev/.vim/bundle/minibufexpl.vim/bitmaps/LoadSesn.xpm"
Searching for "/home/dev/work/share/vim/vimfiles/bitmaps/LoadSesn.xpm"
Searching for "/home/dev/work/share/vim/vim73/bitmaps/LoadSesn.xpm"
Searching for "/home/dev/work/share/vim/vimfiles/after/bitmaps/LoadSesn.xpm"
Searching for "/home/dev/.vim/after/bitmaps/LoadSesn.xpm"
not found in 'runtimepath': "bitmaps/LoadSesn.xpm"
Searching for "bitmaps/LoadSesn.bmp" in "/home/dev/.vim,/home/dev/.vim/bundle/minibufexpl.vim,/home/dev/work/share/vim/vimfiles,/home/dev/work/share/vim/vim73,/home/dev/work/share/vim/vimfiles/after,/home/dev/.vim/after"
Searching for "/home/dev/.vim/bitmaps/LoadSesn.bmp"
Searching for "/home/dev/.vim/bundle/minibufexpl.vim/bitmaps/LoadSesn.bmp"
Searching for "/home/dev/work/share/vim/vimfiles/bitmaps/LoadSesn.bmp"
Searching for "/home/dev/work/share/vim/vim73/bitmaps/LoadSesn.bmp"
Searching for "/home/dev/work/share/vim/vimfiles/after/bitmaps/LoadSesn.bmp"
Searching for "/home/dev/.vim/after/bitmaps/LoadSesn.bmp"
not found in 'runtimepath': "bitmaps/LoadSesn.bmp"
Searching for "bitmaps/SaveSesn.png" in "/home/dev/.vim,/home/dev/.vim/bundle/minibufexpl.vim,/home/dev/work/share/vim/vimfiles,/home/dev/work/share/vim/vim73,/home/dev/work/share/vim/vimfiles/after,/home/dev/.vim/after"
Searching for "/home/dev/.vim/bitmaps/SaveSesn.png"
Searching for "/home/dev/.vim/bundle/minibufexpl.vim/bitmaps/SaveSesn.png"
Searching for "/home/dev/work/share/vim/vimfiles/bitmaps/SaveSesn.png"
Searching for "/home/dev/work/share/vim/vim73/bitmaps/SaveSesn.png"
Searching for "/home/dev/work/share/vim/vimfiles/after/bitmaps/SaveSesn.png"
Searching for "/home/dev/.vim/after/bitmaps/SaveSesn.png"
not found in 'runtimepath': "bitmaps/SaveSesn.png"
Searching for "bitmaps/SaveSesn.xpm" in "/home/dev/.vim,/home/dev/.vim/bundle/minibufexpl.vim,/home/dev/work/share/vim/vimfiles,/home/dev/work/share/vim/vim73,/home/dev/work/share/vim/vimfiles/after,/home/dev/.vim/after"
Searching for "/home/dev/.vim/bitmaps/SaveSesn.xpm"
Searching for "/home/dev/.vim/bundle/minibufexpl.vim/bitmaps/SaveSesn.xpm"
Searching for "/home/dev/work/share/vim/vimfiles/bitmaps/SaveSesn.xpm"
Searching for "/home/dev/work/share/vim/vim73/bitmaps/SaveSesn.xpm"
Searching for "/home/dev/work/share/vim/vimfiles/after/bitmaps/SaveSesn.xpm"
Searching for "/home/dev/.vim/after/bitmaps/SaveSesn.xpm"
not found in 'runtimepath': "bitmaps/SaveSesn.xpm"
Searching for "bitmaps/SaveSesn.bmp" in "/home/dev/.vim,/home/dev/.vim/bundle/minibufexpl.vim,/home/dev/work/share/vim/vimfiles,/home/dev/work/share/vim/vim73,/home/dev/work/share/vim/vimfiles/after,/home/dev/.vim/after"
Searching for "/home/dev/.vim/bitmaps/SaveSesn.bmp"
Searching for "/home/dev/.vim/bundle/minibufexpl.vim/bitmaps/SaveSesn.bmp"
Searching for "/home/dev/work/share/vim/vimfiles/bitmaps/SaveSesn.bmp"
Searching for "/home/dev/work/share/vim/vim73/bitmaps/SaveSesn.bmp"
Searching for "/home/dev/work/share/vim/vimfiles/after/bitmaps/SaveSesn.bmp"
Searching for "/home/dev/.vim/after/bitmaps/SaveSesn.bmp"
not found in 'runtimepath': "bitmaps/SaveSesn.bmp"
Searching for "bitmaps/RunScript.png" in "/home/dev/.vim,/home/dev/.vim/bundle/minibufexpl.vim,/home/dev/work/share/vim/vimfiles,/home/dev/work/share/vim/vim73,/home/dev/work/share/vim/vimfiles/after,/home/dev/.vim/after"
Searching for "/home/dev/.vim/bitmaps/RunScript.png"
Searching for "/home/dev/.vim/bundle/minibufexpl.vim/bitmaps/RunScript.png"
Searching for "/home/dev/work/share/vim/vimfiles/bitmaps/RunScript.png"
Searching for "/home/dev/work/share/vim/vim73/bitmaps/RunScript.png"
Searching for "/home/dev/work/share/vim/vimfiles/after/bitmaps/RunScript.png"
Searching for "/home/dev/.vim/after/bitmaps/RunScript.png"
not found in 'runtimepath': "bitmaps/RunScript.png"
Searching for "bitmaps/RunScript.xpm" in "/home/dev/.vim,/home/dev/.vim/bundle/minibufexpl.vim,/home/dev/work/share/vim/vimfiles,/home/dev/work/share/vim/vim73,/home/dev/work/share/vim/vimfiles/after,/home/dev/.vim/after"
Searching for "/home/dev/.vim/bitmaps/RunScript.xpm"
Searching for "/home/dev/.vim/bundle/minibufexpl.vim/bitmaps/RunScript.xpm"
Searching for "/home/dev/work/share/vim/vimfiles/bitmaps/RunScript.xpm"
Searching for "/home/dev/work/share/vim/vim73/bitmaps/RunScript.xpm"
Searching for "/home/dev/work/share/vim/vimfiles/after/bitmaps/RunScript.xpm"
Searching for "/home/dev/.vim/after/bitmaps/RunScript.xpm"
not found in 'runtimepath': "bitmaps/RunScript.xpm"
Searching for "bitmaps/RunScript.bmp" in "/home/dev/.vim,/home/dev/.vim/bundle/minibufexpl.vim,/home/dev/work/share/vim/vimfiles,/home/dev/work/share/vim/vim73,/home/dev/work/share/vim/vimfiles/after,/home/dev/.vim/after"
Searching for "/home/dev/.vim/bitmaps/RunScript.bmp"
Searching for "/home/dev/.vim/bundle/minibufexpl.vim/bitmaps/RunScript.bmp"
Searching for "/home/dev/work/share/vim/vimfiles/bitmaps/RunScript.bmp"
Searching for "/home/dev/work/share/vim/vim73/bitmaps/RunScript.bmp"
Searching for "/home/dev/work/share/vim/vimfiles/after/bitmaps/RunScript.bmp"
Searching for "/home/dev/.vim/after/bitmaps/RunScript.bmp"
not found in 'runtimepath': "bitmaps/RunScript.bmp"
Searching for "bitmaps/Make.png" in "/home/dev/.vim,/home/dev/.vim/bundle/minibufexpl.vim,/home/dev/work/share/vim/vimfiles,/home/dev/work/share/vim/vim73,/home/dev/work/share/vim/vimfiles/after,/home/dev/.vim/after"
Searching for "/home/dev/.vim/bitmaps/Make.png"
Searching for "/home/dev/.vim/bundle/minibufexpl.vim/bitmaps/Make.png"
Searching for "/home/dev/work/share/vim/vimfiles/bitmaps/Make.png"
Searching for "/home/dev/work/share/vim/vim73/bitmaps/Make.png"
Searching for "/home/dev/work/share/vim/vimfiles/after/bitmaps/Make.png"
Searching for "/home/dev/.vim/after/bitmaps/Make.png"
not found in 'runtimepath': "bitmaps/Make.png"
Searching for "bitmaps/Make.xpm" in "/home/dev/.vim,/home/dev/.vim/bundle/minibufexpl.vim,/home/dev/work/share/vim/vimfiles,/home/dev/work/share/vim/vim73,/home/dev/work/share/vim/vimfiles/after,/home/dev/.vim/after"
Searching for "/home/dev/.vim/bitmaps/Make.xpm"
Searching for "/home/dev/.vim/bundle/minibufexpl.vim/bitmaps/Make.xpm"
Searching for "/home/dev/work/share/vim/vimfiles/bitmaps/Make.xpm"
Searching for "/home/dev/work/share/vim/vim73/bitmaps/Make.xpm"
Searching for "/home/dev/work/share/vim/vimfiles/after/bitmaps/Make.xpm"
Searching for "/home/dev/.vim/after/bitmaps/Make.xpm"
not found in 'runtimepath': "bitmaps/Make.xpm"
Searching for "bitmaps/Make.bmp" in "/home/dev/.vim,/home/dev/.vim/bundle/minibufexpl.vim,/home/dev/work/share/vim/vimfiles,/home/dev/work/share/vim/vim73,/home/dev/work/share/vim/vimfiles/after,/home/dev/.vim/after"
Searching for "/home/dev/.vim/bitmaps/Make.bmp"
Searching for "/home/dev/.vim/bundle/minibufexpl.vim/bitmaps/Make.bmp"
Searching for "/home/dev/work/share/vim/vimfiles/bitmaps/Make.bmp"
Searching for "/home/dev/work/share/vim/vim73/bitmaps/Make.bmp"
Searching for "/home/dev/work/share/vim/vimfiles/after/bitmaps/Make.bmp"
Searching for "/home/dev/.vim/after/bitmaps/Make.bmp"
not found in 'runtimepath': "bitmaps/Make.bmp"
Searching for "bitmaps/RunCtags.png" in "/home/dev/.vim,/home/dev/.vim/bundle/minibufexpl.vim,/home/dev/work/share/vim/vimfiles,/home/dev/work/share/vim/vim73,/home/dev/work/share/vim/vimfiles/after,/home/dev/.vim/after"
Searching for "/home/dev/.vim/bitmaps/RunCtags.png"
Searching for "/home/dev/.vim/bundle/minibufexpl.vim/bitmaps/RunCtags.png"
Searching for "/home/dev/work/share/vim/vimfiles/bitmaps/RunCtags.png"
Searching for "/home/dev/work/share/vim/vim73/bitmaps/RunCtags.png"
Searching for "/home/dev/work/share/vim/vimfiles/after/bitmaps/RunCtags.png"
Searching for "/home/dev/.vim/after/bitmaps/RunCtags.png"
not found in 'runtimepath': "bitmaps/RunCtags.png"
Searching for "bitmaps/RunCtags.xpm" in "/home/dev/.vim,/home/dev/.vim/bundle/minibufexpl.vim,/home/dev/work/share/vim/vimfiles,/home/dev/work/share/vim/vim73,/home/dev/work/share/vim/vimfiles/after,/home/dev/.vim/after"
Searching for "/home/dev/.vim/bitmaps/RunCtags.xpm"
Searching for "/home/dev/.vim/bundle/minibufexpl.vim/bitmaps/RunCtags.xpm"
Searching for "/home/dev/work/share/vim/vimfiles/bitmaps/RunCtags.xpm"
Searching for "/home/dev/work/share/vim/vim73/bitmaps/RunCtags.xpm"
Searching for "/home/dev/work/share/vim/vimfiles/after/bitmaps/RunCtags.xpm"
Searching for "/home/dev/.vim/after/bitmaps/RunCtags.xpm"
not found in 'runtimepath': "bitmaps/RunCtags.xpm"
Searching for "bitmaps/RunCtags.bmp" in "/home/dev/.vim,/home/dev/.vim/bundle/minibufexpl.vim,/home/dev/work/share/vim/vimfiles,/home/dev/work/share/vim/vim73,/home/dev/work/share/vim/vimfiles/after,/home/dev/.vim/after"
Searching for "/home/dev/.vim/bitmaps/RunCtags.bmp"
Searching for "/home/dev/.vim/bundle/minibufexpl.vim/bitmaps/RunCtags.bmp"
Searching for "/home/dev/work/share/vim/vimfiles/bitmaps/RunCtags.bmp"
Searching for "/home/dev/work/share/vim/vim73/bitmaps/RunCtags.bmp"
Searching for "/home/dev/work/share/vim/vimfiles/after/bitmaps/RunCtags.bmp"
Searching for "/home/dev/.vim/after/bitmaps/RunCtags.bmp"
not found in 'runtimepath': "bitmaps/RunCtags.bmp"
Searching for "bitmaps/TagJump.png" in "/home/dev/.vim,/home/dev/.vim/bundle/minibufexpl.vim,/home/dev/work/share/vim/vimfiles,/home/dev/work/share/vim/vim73,/home/dev/work/share/vim/vimfiles/after,/home/dev/.vim/after"
Searching for "/home/dev/.vim/bitmaps/TagJump.png"
Searching for "/home/dev/.vim/bundle/minibufexpl.vim/bitmaps/TagJump.png"
Searching for "/home/dev/work/share/vim/vimfiles/bitmaps/TagJump.png"
Searching for "/home/dev/work/share/vim/vim73/bitmaps/TagJump.png"
Searching for "/home/dev/work/share/vim/vimfiles/after/bitmaps/TagJump.png"
Searching for "/home/dev/.vim/after/bitmaps/TagJump.png"
not found in 'runtimepath': "bitmaps/TagJump.png"
Searching for "bitmaps/TagJump.xpm" in "/home/dev/.vim,/home/dev/.vim/bundle/minibufexpl.vim,/home/dev/work/share/vim/vimfiles,/home/dev/work/share/vim/vim73,/home/dev/work/share/vim/vimfiles/after,/home/dev/.vim/after"
Searching for "/home/dev/.vim/bitmaps/TagJump.xpm"
Searching for "/home/dev/.vim/bundle/minibufexpl.vim/bitmaps/TagJump.xpm"
Searching for "/home/dev/work/share/vim/vimfiles/bitmaps/TagJump.xpm"
Searching for "/home/dev/work/share/vim/vim73/bitmaps/TagJump.xpm"
Searching for "/home/dev/work/share/vim/vimfiles/after/bitmaps/TagJump.xpm"
Searching for "/home/dev/.vim/after/bitmaps/TagJump.xpm"
not found in 'runtimepath': "bitmaps/TagJump.xpm"
Searching for "bitmaps/TagJump.bmp" in "/home/dev/.vim,/home/dev/.vim/bundle/minibufexpl.vim,/home/dev/work/share/vim/vimfiles,/home/dev/work/share/vim/vim73,/home/dev/work/share/vim/vimfiles/after,/home/dev/.vim/after"
Searching for "/home/dev/.vim/bitmaps/TagJump.bmp"
Searching for "/home/dev/.vim/bundle/minibufexpl.vim/bitmaps/TagJump.bmp"
Searching for "/home/dev/work/share/vim/vimfiles/bitmaps/TagJump.bmp"
Searching for "/home/dev/work/share/vim/vim73/bitmaps/TagJump.bmp"
Searching for "/home/dev/work/share/vim/vimfiles/after/bitmaps/TagJump.bmp"
Searching for "/home/dev/.vim/after/bitmaps/TagJump.bmp"
not found in 'runtimepath': "bitmaps/TagJump.bmp"
Searching for "bitmaps/Help.png" in "/home/dev/.vim,/home/dev/.vim/bundle/minibufexpl.vim,/home/dev/work/share/vim/vimfiles,/home/dev/work/share/vim/vim73,/home/dev/work/share/vim/vimfiles/after,/home/dev/.vim/after"
Searching for "/home/dev/.vim/bitmaps/Help.png"
Searching for "/home/dev/.vim/bundle/minibufexpl.vim/bitmaps/Help.png"
Searching for "/home/dev/work/share/vim/vimfiles/bitmaps/Help.png"
Searching for "/home/dev/work/share/vim/vim73/bitmaps/Help.png"
Searching for "/home/dev/work/share/vim/vimfiles/after/bitmaps/Help.png"
Searching for "/home/dev/.vim/after/bitmaps/Help.png"
not found in 'runtimepath': "bitmaps/Help.png"
Searching for "bitmaps/Help.xpm" in "/home/dev/.vim,/home/dev/.vim/bundle/minibufexpl.vim,/home/dev/work/share/vim/vimfiles,/home/dev/work/share/vim/vim73,/home/dev/work/share/vim/vimfiles/after,/home/dev/.vim/after"
Searching for "/home/dev/.vim/bitmaps/Help.xpm"
Searching for "/home/dev/.vim/bundle/minibufexpl.vim/bitmaps/Help.xpm"
Searching for "/home/dev/work/share/vim/vimfiles/bitmaps/Help.xpm"
Searching for "/home/dev/work/share/vim/vim73/bitmaps/Help.xpm"
Searching for "/home/dev/work/share/vim/vimfiles/after/bitmaps/Help.xpm"
Searching for "/home/dev/.vim/after/bitmaps/Help.xpm"
not found in 'runtimepath': "bitmaps/Help.xpm"
Searching for "bitmaps/Help.bmp" in "/home/dev/.vim,/home/dev/.vim/bundle/minibufexpl.vim,/home/dev/work/share/vim/vimfiles,/home/dev/work/share/vim/vim73,/home/dev/work/share/vim/vimfiles/after,/home/dev/.vim/after"
Searching for "/home/dev/.vim/bitmaps/Help.bmp"
Searching for "/home/dev/.vim/bundle/minibufexpl.vim/bitmaps/Help.bmp"
Searching for "/home/dev/work/share/vim/vimfiles/bitmaps/Help.bmp"
Searching for "/home/dev/work/share/vim/vim73/bitmaps/Help.bmp"
Searching for "/home/dev/work/share/vim/vimfiles/after/bitmaps/Help.bmp"
Searching for "/home/dev/.vim/after/bitmaps/Help.bmp"
not found in 'runtimepath': "bitmaps/Help.bmp"
Searching for "bitmaps/FindHelp.png" in "/home/dev/.vim,/home/dev/.vim/bundle/minibufexpl.vim,/home/dev/work/share/vim/vimfiles,/home/dev/work/share/vim/vim73,/home/dev/work/share/vim/vimfiles/after,/home/dev/.vim/after"
Searching for "/home/dev/.vim/bitmaps/FindHelp.png"
Searching for "/home/dev/.vim/bundle/minibufexpl.vim/bitmaps/FindHelp.png"
Searching for "/home/dev/work/share/vim/vimfiles/bitmaps/FindHelp.png"
Searching for "/home/dev/work/share/vim/vim73/bitmaps/FindHelp.png"
Searching for "/home/dev/work/share/vim/vimfiles/after/bitmaps/FindHelp.png"
Searching for "/home/dev/.vim/after/bitmaps/FindHelp.png"
not found in 'runtimepath': "bitmaps/FindHelp.png"
Searching for "bitmaps/FindHelp.xpm" in "/home/dev/.vim,/home/dev/.vim/bundle/minibufexpl.vim,/home/dev/work/share/vim/vimfiles,/home/dev/work/share/vim/vim73,/home/dev/work/share/vim/vimfiles/after,/home/dev/.vim/after"
Searching for "/home/dev/.vim/bitmaps/FindHelp.xpm"
Searching for "/home/dev/.vim/bundle/minibufexpl.vim/bitmaps/FindHelp.xpm"
Searching for "/home/dev/work/share/vim/vimfiles/bitmaps/FindHelp.xpm"
Searching for "/home/dev/work/share/vim/vim73/bitmaps/FindHelp.xpm"
Searching for "/home/dev/work/share/vim/vimfiles/after/bitmaps/FindHelp.xpm"
Searching for "/home/dev/.vim/after/bitmaps/FindHelp.xpm"
not found in 'runtimepath': "bitmaps/FindHelp.xpm"
Searching for "bitmaps/FindHelp.bmp" in "/home/dev/.vim,/home/dev/.vim/bundle/minibufexpl.vim,/home/dev/work/share/vim/vimfiles,/home/dev/work/share/vim/vim73,/home/dev/work/share/vim/vimfiles/after,/home/dev/.vim/after"
Searching for "/home/dev/.vim/bitmaps/FindHelp.bmp"
Searching for "/home/dev/.vim/bundle/minibufexpl.vim/bitmaps/FindHelp.bmp"
Searching for "/home/dev/work/share/vim/vimfiles/bitmaps/FindHelp.bmp"
Searching for "/home/dev/work/share/vim/vim73/bitmaps/FindHelp.bmp"
Searching for "/home/dev/work/share/vim/vimfiles/after/bitmaps/FindHelp.bmp"
Searching for "/home/dev/.vim/after/bitmaps/FindHelp.bmp"
not found in 'runtimepath': "bitmaps/FindHelp.bmp"
Reading viminfo file "/home/dev/.viminfo" info oldfiles
Executing BufEnter Auto commands for "*"
autocommand call <SID>DEBUG('-=> BufEnter AutoCmd', 10) |call <SID>AutoUpdate(-1,bufnr("%"))

autocommand call <SID>DEBUG('-=> BufEnter Checking for Last window', 10) |call <SID>CheckForLastWindow()

Executing BufEnter Auto commands for "*"
autocommand sil! call s:LocalBrowse(expand("<amatch>"))

Executing VimEnter Auto commands for "*"
autocommand if !exists("no_buffers_menu") | call <SID>BMShow() | endif

Error detected while processing function <SNR>8_BMShow:
line   12:
E329: No menu "&Buffers"
Error detected while processing function <SNR>8_BMShow:
line   14:
E328: Menu only exists in another mode
autocommand au! LoadBufferMenu

Executing VimEnter Auto commands for "*"
autocommand call <SID>DEBUG('-=> VimEnter AutoCmd', 10) |let g:miniBufExplorerAutoUpdate = 1 |call <SID>AutoUpdate(-1,bufnr("%"))

Executing VimEnter Auto commands for "*"
autocommand sil! call s:VimEnter(expand("<amatch>"))

Executing CursorMoved Auto commands for "*"
autocommand call s:Highlight_Matching_Pair()

Executing CursorHold Auto commands for "*"
autocommand call <SID>DEBUG('-=> CursroHold AutoCmd', 10) |call <SID>AutoUpdateCheck(bufnr("%"))

Writing viminfo file "/home/dev/.viminfo"